<?xml version="1.0" encoding="UTF-8"?>
<!-- Generated by org.testng.reporters.JUnitReportReporter -->
<testsuite hostname="Mohan" name="qsp.MavenProjectDemo2" tests="1" failures="0" timestamp="8 Feb 2018 09:59:33 GMT" time="26.079" errors="0">
  <testcase name="mavenDemo2" time="26.079" classname="qsp.MavenProjectDemo2"/>
</testsuite> <!-- qsp.MavenProjectDemo2 -->
