<?xml version="1.0" encoding="UTF-8"?>
<!-- Generated by org.testng.reporters.JUnitReportReporter -->
<testsuite hostname="Mohan" name="qsp.MavenProjectDemo1" tests="1" failures="0" timestamp="8 Feb 2018 09:01:10 GMT" time="0.008" errors="0">
  <testcase name="test" time="0.008" classname="qsp.MavenProjectDemo1"/>
</testsuite> <!-- qsp.MavenProjectDemo1 -->
