<?xml version="1.0" encoding="UTF-8"?>
<!-- Generated by org.testng.reporters.JUnitReportReporter -->
<testsuite hostname="Mohan" name="qsp.MavenProjectDemo2" tests="1" failures="0" timestamp="8 Feb 2018 10:57:14 GMT" time="28.293" errors="0">
  <testcase name="mavenDemo2" time="28.293" classname="qsp.MavenProjectDemo2"/>
</testsuite> <!-- qsp.MavenProjectDemo2 -->
